<?xml version="1.0" encoding="UTF-8"?>
<!-- Generated by org.testng.reporters.JUnitReportReporter -->
<testsuite hostname="gammastacks-MacBook-Pro.local" failures="0" tests="1" name="TestCases.UserTest" time="8.305" errors="0" timestamp="2024-07-31T18:37:47 IST" skipped="0">
  <testcase classname="TestCases.UserTest" name="testUpdateUser" time="8.305"/>
  <system-out/>
</testsuite> <!-- TestCases.UserTest -->
